<?xml version="1.0" encoding="UTF-8"?>
<!-- Generated by org.testng.reporters.JUnitXMLReporter -->
<testsuite ignored="0" hostname="LTIN679140" failures="0" tests="1" name="FSTTests" time="0.044" errors="0" timestamp="2025-10-07T10:42:59 IST">
  <testcase classname="test1.TestOne" name="@BeforeClass setup" time="0.001">
    <failure type="java.lang.NullPointerException" message="Cannot invoke &amp;quot;org.openqa.selenium.WebDriver.get(String)&amp;quot; because &amp;quot;this.driver&amp;quot; is null">
      <![CDATA[java.lang.NullPointerException: Cannot invoke "org.openqa.selenium.WebDriver.get(String)" because "this.driver" is null
at test1.TestOne.setup(TestOne.java:12)
at java.base/java.util.ArrayList.forEach(ArrayList.java:1596)
... Removed 23 stack frames]]>
    </failure>
  </testcase> <!-- @BeforeClass setup -->
  <testcase classname="test1.TestOne" name="validate" time="0.0">
    <skipped/>
  </testcase> <!-- validate -->
</testsuite> <!-- FSTTests -->
